0 info it worked if it ends with ok
1 verbose cli [ 'C:\\Program Files\\nodejs\\node.exe',
1 verbose cli   'C:\\Program Files\\nodejs\\node_modules\\npm\\bin\\npm-cli.js',
1 verbose cli   'run-script',
1 verbose cli   'webpack-devserver' ]
2 info using npm@3.6.0
3 info using node@v5.6.0
4 verbose run-script [ 'prewebpack-devserver',
4 verbose run-script   'webpack-devserver',
4 verbose run-script   'postwebpack-devserver' ]
5 info lifecycle FKS-3_labs@0.0.1~prewebpack-devserver: FKS-3_labs@0.0.1
6 silly lifecycle FKS-3_labs@0.0.1~prewebpack-devserver: no script for prewebpack-devserver, continuing
7 info lifecycle FKS-3_labs@0.0.1~webpack-devserver: FKS-3_labs@0.0.1
8 verbose lifecycle FKS-3_labs@0.0.1~webpack-devserver: unsafe-perm in lifecycle true
9 verbose lifecycle FKS-3_labs@0.0.1~webpack-devserver: PATH: C:\Program Files\nodejs\node_modules\npm\bin\node-gyp-bin;D:\My_projects\AVM\frontend\node_modules\.bin;C:\ProgramData\Oracle\Java\javapath;C:\WINDOWS\system32;C:\WINDOWS;C:\WINDOWS\System32\Wbem;C:\WINDOWS\System32\WindowsPowerShell\v1.0\;C:\Program Files\nodejs\;C:\Program Files\Git\cmd;C:\Users\MaxGenash\AppData\Local\Programs\Python\Python35-32\Scripts\;C:\Users\MaxGenash\AppData\Local\Programs\Python\Python35-32\;C:\Users\MaxGenash\AppData\Roaming\npm
10 verbose lifecycle FKS-3_labs@0.0.1~webpack-devserver: CWD: D:\My_projects\AVM\frontend
11 silly lifecycle FKS-3_labs@0.0.1~webpack-devserver: Args: [ '/d /s /c',
11 silly lifecycle   'webpack-dev-server --debug --hot --output-pathinfo--colors --inline --content-base public --port 8090 --host 0.0.0.0' ]
12 silly lifecycle FKS-3_labs@0.0.1~webpack-devserver: Returned: code: 1  signal: null
13 info lifecycle FKS-3_labs@0.0.1~webpack-devserver: Failed to exec webpack-devserver script
14 verbose stack Error: FKS-3_labs@0.0.1 webpack-devserver: `webpack-dev-server --debug --hot --output-pathinfo--colors --inline --content-base public --port 8090 --host 0.0.0.0`
14 verbose stack Exit status 1
14 verbose stack     at EventEmitter.<anonymous> (C:\Program Files\nodejs\node_modules\npm\lib\utils\lifecycle.js:232:16)
14 verbose stack     at emitTwo (events.js:100:13)
14 verbose stack     at EventEmitter.emit (events.js:185:7)
14 verbose stack     at ChildProcess.<anonymous> (C:\Program Files\nodejs\node_modules\npm\lib\utils\spawn.js:24:14)
14 verbose stack     at emitTwo (events.js:100:13)
14 verbose stack     at ChildProcess.emit (events.js:185:7)
14 verbose stack     at maybeClose (internal/child_process.js:827:16)
14 verbose stack     at Process.ChildProcess._handle.onexit (internal/child_process.js:211:5)
15 verbose pkgid FKS-3_labs@0.0.1
16 verbose cwd D:\My_projects\AVM\frontend
17 error Windows_NT 10.0.10586
18 error argv "C:\\Program Files\\nodejs\\node.exe" "C:\\Program Files\\nodejs\\node_modules\\npm\\bin\\npm-cli.js" "run-script" "webpack-devserver"
19 error node v5.6.0
20 error npm  v3.6.0
21 error code ELIFECYCLE
22 error FKS-3_labs@0.0.1 webpack-devserver: `webpack-dev-server --debug --hot --output-pathinfo--colors --inline --content-base public --port 8090 --host 0.0.0.0`
22 error Exit status 1
23 error Failed at the FKS-3_labs@0.0.1 webpack-devserver script 'webpack-dev-server --debug --hot --output-pathinfo--colors --inline --content-base public --port 8090 --host 0.0.0.0'.
23 error Make sure you have the latest version of node.js and npm installed.
23 error If you do, this is most likely a problem with the FKS-3_labs package,
23 error not with npm itself.
23 error Tell the author that this fails on your system:
23 error     webpack-dev-server --debug --hot --output-pathinfo--colors --inline --content-base public --port 8090 --host 0.0.0.0
23 error You can get information on how to open an issue for this project with:
23 error     npm bugs FKS-3_labs
23 error Or if that isn't available, you can get their info via:
23 error     npm owner ls FKS-3_labs
23 error There is likely additional logging output above.
24 verbose exit [ 1, true ]
